{"name": "test_sample", "status": "failed", "statusDetails": {"message": "AssertionError: assert 'AIT_Mobile_Framework_Test' == 'AIT_Mobile_Framework_Test1'\n  - AIT_Mobile_Framework_Test1\n  ?                          -\n  + AIT_Mobile_Framework_Test", "trace": "self = <testCases.android.test_sample.TestSample object at 0x10e2f5660>\n\n    def test_sample(self):\n        self.basepage = BasePage(self.driver)\n        self.logData = self.getLogger()\n        self.logData.info(\"*************** Test_001 *****************\")\n        self.logData.info(\"****Started  Sample test ****\")\n        self.logData.info(\"****Opening App****\")\n>       assert (self.basepage.checkSampleTest() == \"AIT_Mobile_Framework_Test1\")\nE       AssertionError: assert 'AIT_Mobile_Framework_Test' == 'AIT_Mobile_Framework_Test1'\nE         - AIT_Mobile_Framework_Test1\nE         ?                          -\nE         + AIT_Mobile_Framework_Test\n\ntestCases/android/test_sample.py:16: AssertionError"}, "attachments": [{"name": "log", "source": "c37aec9e-28e1-4845-8d71-c12124da194d-attachment.txt", "type": "text/plain"}], "start": 1666554964920, "stop": 1666554966067, "uuid": "f2f2166a-509b-4836-ba35-30ba3d534686", "historyId": "aa631bf6349cc2af86ba09c2b924bbd3", "testCaseId": "b3b0c9e07fb6dbe7b4b891db3b70f60f", "fullName": "testCases.android.test_sample.TestSample#test_sample", "labels": [{"name": "tag", "value": "@pytest.mark.usefixtures('setup')"}, {"name": "parentSuite", "value": "testCases.android"}, {"name": "suite", "value": "test_sample"}, {"name": "subSuite", "value": "TestSample"}, {"name": "host", "value": "Yuvarajs-MacBook-Pro.local"}, {"name": "thread", "value": "42363-MainThread"}, {"name": "framework", "value": "pytest"}, {"name": "language", "value": "cpython3"}, {"name": "package", "value": "testCases.android.test_sample"}]}