{"report": {"environment": {"Python": "3.10.8", "Platform": "macOS-12.5-x86_64-i386-64bit"}, "tests": [{"name": "testCases/android/test_sample.py::TestSample::test_sample", "duration": 12.57775175000279, "run_index": 0, "setup": {"name": "setup", "duration": 5.6771434170004795, "outcome": "passed"}, "call": {"name": "call", "duration": 0.6102945000020554, "outcome": "failed", "longrepr": "self = <testCases.android.test_sample.TestSample object at 0x11006d120>\n\n    def test_sample(self):\n        self.basepage = BasePage(self.driver)\n        self.logData = self.getLogger()\n        self.logData.info(\"*************** Test_001 *****************\")\n        self.logData.info(\"****Started  Sample test ****\")\n        self.logData.info(\"****Opening App****\")\n>       assert (self.basepage.checkSampleTest() == \"AIT_Mobile_Framework_Test1\")\nE       AssertionError: assert 'AIT_Mobile_Framework_Test' == 'AIT_Mobile_Framework_Test1'\nE         - AIT_Mobile_Framework_Test1\nE         ?                          -\nE         + AIT_Mobile_Framework_Test\n\ntestCases/android/test_sample.py:16: AssertionError", "log": "\u001b[32mINFO    \u001b[0m test_sample:test_sample.py:13 *************** Test_001 *****************\n\u001b[32mINFO    \u001b[0m test_sample:test_sample.py:14 ****Started  Sample test ****\n\u001b[32mINFO    \u001b[0m test_sample:test_sample.py:15 ****Opening App****"}, "teardown": {"name": "teardown", "duration": 0.6131704159997753, "outcome": "passed"}, "outcome": "failed"}], "summary": {"failed": 1, "num_tests": 1, "duration": 7.3089728355407715}, "created_at": "2022-10-24 01:05:06.377389"}}